<?xml version="1.0" encoding="UTF-8"?>
<!-- Generated by org.testng.reporters.JUnitXMLReporter -->
<testsuite ignored="8" hostname="DESKTOP-KBTMIKC" failures="0" tests="1" name="Default test" time="73.223" errors="0" timestamp="2023-10-12T14:22:12 IST">
  <testcase classname="testCase.Tc01" name="login_testcase" time="5.077"/>
  <testcase classname="testCase.Tc01" name="Delivery_testcase" time="0.0">
    <ignored/>
  </testcase> <!-- Delivery_testcase -->
  <testcase classname="testCase.Tc01" name="Location_testcase" time="0.0">
    <ignored/>
  </testcase> <!-- Location_testcase -->
  <testcase classname="testCase.Tc01" name="Option_testcase" time="0.0">
    <ignored/>
  </testcase> <!-- Option_testcase -->
  <testcase classname="testCase.Tc01" name="ScrollDown_testcase" time="0.0">
    <ignored/>
  </testcase> <!-- ScrollDown_testcase -->
  <testcase classname="testCase.Tc01" name="cart_testcase" time="0.0">
    <ignored/>
  </testcase> <!-- cart_testcase -->
  <testcase classname="testCase.Tc01" name="Mouse_testcase" time="0.0">
    <ignored/>
  </testcase> <!-- Mouse_testcase -->
  <testcase classname="testCase.Tc01" name="Category_testcase" time="0.0">
    <ignored/>
  </testcase> <!-- Category_testcase -->
  <testcase classname="testCase.Tc01" name="search_testcase" time="0.0">
    <ignored/>
  </testcase> <!-- search_testcase -->
</testsuite> <!-- Default test -->
